# JRE version: OpenJDK Runtime Environment (11.0.12+7) (build 11.0.12+7-b1504.28-7817840)
# Java VM: OpenJDK 64-Bit Server VM (11.0.12+7-b1504.28-7817840, mixed mode, tiered, compressed oops, g1 gc, windows-amd64)
Heap:
 garbage-first heap   total 550912K, used 167461K [0x0000000080000000, 0x0000000100000000)
  region size 1024K, 6 young (6144K), 6 survivors (6144K)
 Metaspace       used 117730K, capacity 121108K, committed 121760K, reserved 1155072K
  class space    used 15129K, capacity 16421K, committed 16716K, reserved 1048576K
GC Heap History (20 events):
Event: 816.322 GC heap after
{Heap after GC invocations=41 (full 0):
 garbage-first heap   total 187392K, used 115425K [0x0000000080000000, 0x0000000100000000)
  region size 1024K, 8 young (8192K), 8 survivors (8192K)
 Metaspace       used 116656K, capacity 119955K, committed 120736K, reserved 1153024K
  class space    used 15106K, capacity 16368K, committed 16716K, reserved 1048576K
}
Event: 816.331 GC heap before
{Heap before GC invocations=41 (full 0):
 garbage-first heap   total 187392K, used 116449K [0x0000000080000000, 0x0000000100000000)
  region size 1024K, 9 young (9216K), 8 survivors (8192K)
 Metaspace       used 116668K, capacity 119964K, committed 120736K, reserved 1153024K
  class space    used 15110K, capacity 16371K, committed 16716K, reserved 1048576K
}
Event: 816.348 GC heap after
{Heap after GC invocations=42 (full 0):
 garbage-first heap   total 187392K, used 116607K [0x0000000080000000, 0x0000000100000000)
  region size 1024K, 1 young (1024K), 1 survivors (1024K)
 Metaspace       used 116668K, capacity 119964K, committed 120736K, reserved 1153024K
  class space    used 15110K, capacity 16371K, committed 16716K, reserved 1048576K
}
Event: 816.419 GC heap before
{Heap before GC invocations=42 (full 0):
 garbage-first heap   total 187392K, used 150399K [0x0000000080000000, 0x0000000100000000)
  region size 1024K, 35 young (35840K), 1 survivors (1024K)
 Metaspace       used 116671K, capacity 119964K, committed 120736K, reserved 1153024K
  class space    used 15110K, capacity 16371K, committed 16716K, reserved 1048576K
}
Event: 816.439 GC heap after
{Heap after GC invocations=43 (full 0):
 garbage-first heap   total 187392K, used 125356K [0x0000000080000000, 0x0000000100000000)
  region size 1024K, 5 young (5120K), 5 survivors (5120K)
 Metaspace       used 116671K, capacity 119964K, committed 120736K, reserved 1153024K
  class space    used 15110K, capacity 16371K, committed 16716K, reserved 1048576K
}
Event: 816.770 GC heap before
{Heap before GC invocations=44 (full 0):
 garbage-first heap   total 187392K, used 150956K [0x0000000080000000, 0x0000000100000000)
  region size 1024K, 31 young (31744K), 5 survivors (5120K)
 Metaspace       used 116995K, capacity 120272K, committed 120992K, reserved 1153024K
  class space    used 15116K, capacity 16406K, committed 16716K, reserved 1048576K
}
Event: 816.783 GC heap after
{Heap after GC invocations=45 (full 0):
 garbage-first heap   total 187392K, used 130651K [0x0000000080000000, 0x0000000100000000)
  region size 1024K, 4 young (4096K), 4 survivors (4096K)
 Metaspace       used 116995K, capacity 120272K, committed 120992K, reserved 1153024K
  class space    used 15116K, capacity 16406K, committed 16716K, reserved 1048576K
}
Event: 816.819 GC heap before
{Heap before GC invocations=45 (full 0):
 garbage-first heap   total 187392K, used 134747K [0x0000000080000000, 0x0000000100000000)
  region size 1024K, 9 young (9216K), 4 survivors (4096K)
 Metaspace       used 117007K, capacity 120336K, committed 120992K, reserved 1153024K
  class space    used 15117K, capacity 16406K, committed 16716K, reserved 1048576K
}
Event: 816.831 GC heap after
{Heap after GC invocations=46 (full 0):
 garbage-first heap   total 187392K, used 128200K [0x0000000080000000, 0x0000000100000000)
  region size 1024K, 2 young (2048K), 2 survivors (2048K)
 Metaspace       used 117007K, capacity 120336K, committed 120992K, reserved 1153024K
  class space    used 15117K, capacity 16406K, committed 16716K, reserved 1048576K
}
Event: 816.983 GC heap before
{Heap before GC invocations=46 (full 0):
 garbage-first heap   total 187392K, used 151752K [0x0000000080000000, 0x0000000100000000)
  region size 1024K, 26 young (26624K), 2 survivors (2048K)
 Metaspace       used 117025K, capacity 120401K, committed 120992K, reserved 1153024K
  class space    used 15117K, capacity 16406K, committed 16716K, reserved 1048576K
}
Event: 816.995 GC heap after
{Heap after GC invocations=47 (full 0):
 garbage-first heap   total 187392K, used 132869K [0x0000000080000000, 0x0000000100000000)
  region size 1024K, 4 young (4096K), 4 survivors (4096K)
 Metaspace       used 117025K, capacity 120401K, committed 120992K, reserved 1153024K
  class space    used 15117K, capacity 16406K, committed 16716K, reserved 1048576K
}
Event: 817.102 GC heap before
{Heap before GC invocations=47 (full 0):
 garbage-first heap   total 187392K, used 154373K [0x0000000080000000, 0x0000000100000000)
  region size 1024K, 26 young (26624K), 4 survivors (4096K)
 Metaspace       used 117075K, capacity 120403K, committed 120992K, reserved 1153024K
  class space    used 15118K, capacity 16406K, committed 16716K, reserved 1048576K
}
Event: 817.119 GC heap after
{Heap after GC invocations=48 (full 0):
 garbage-first heap   total 275456K, used 137181K [0x0000000080000000, 0x0000000100000000)
  region size 1024K, 4 young (4096K), 4 survivors (4096K)
 Metaspace       used 117075K, capacity 120403K, committed 120992K, reserved 1153024K
  class space    used 15118K, capacity 16406K, committed 16716K, reserved 1048576K
}
Event: 817.424 GC heap before
{Heap before GC invocations=48 (full 0):
 garbage-first heap   total 275456K, used 188381K [0x0000000080000000, 0x0000000100000000)
  region size 1024K, 55 young (56320K), 4 survivors (4096K)
 Metaspace       used 117236K, capacity 120607K, committed 121248K, reserved 1155072K
  class space    used 15119K, capacity 16407K, committed 16716K, reserved 1048576K
}
Event: 817.442 GC heap after
{Heap after GC invocations=49 (full 0):
 garbage-first heap   total 275456K, used 145408K [0x0000000080000000, 0x0000000100000000)
  region size 1024K, 7 young (7168K), 7 survivors (7168K)
 Metaspace       used 117236K, capacity 120607K, committed 121248K, reserved 1155072K
  class space    used 15119K, capacity 16407K, committed 16716K, reserved 1048576K
}
Event: 817.582 GC heap before
{Heap before GC invocations=49 (full 0):
 garbage-first heap   total 275456K, used 196608K [0x0000000080000000, 0x0000000100000000)
  region size 1024K, 58 young (59392K), 7 survivors (7168K)
 Metaspace       used 117331K, capacity 120696K, committed 121248K, reserved 1155072K
  class space    used 15125K, capacity 16415K, committed 16716K, reserved 1048576K
}
Event: 817.602 GC heap after
{Heap after GC invocations=50 (full 0):
 garbage-first heap   total 275456K, used 153932K [0x0000000080000000, 0x0000000100000000)
  region size 1024K, 8 young (8192K), 8 survivors (8192K)
 Metaspace       used 117331K, capacity 120696K, committed 121248K, reserved 1155072K
  class space    used 15125K, capacity 16415K, committed 16716K, reserved 1048576K
}
Event: 817.795 GC heap before
{Heap before GC invocations=50 (full 0):
 garbage-first heap   total 275456K, used 204108K [0x0000000080000000, 0x0000000100000000)
  region size 1024K, 58 young (59392K), 8 survivors (8192K)
 Metaspace       used 117502K, capacity 120848K, committed 121504K, reserved 1155072K
  class space    used 15129K, capacity 16421K, committed 16716K, reserved 1048576K
}
Event: 817.812 GC heap after
{Heap after GC invocations=51 (full 0):
 garbage-first heap   total 275456K, used 161914K [0x0000000080000000, 0x0000000100000000)
  region size 1024K, 8 young (8192K), 8 survivors (8192K)
 Metaspace       used 117502K, capacity 120848K, committed 121504K, reserved 1155072K
  class space    used 15129K, capacity 16421K, committed 16716K, reserved 1048576K
}
Event: 818.086 GC heap before
{Heap before GC invocations=51 (full 0):
 garbage-first heap   total 275456K, used 211066K [0x0000000080000000, 0x0000000100000000)
  region size 1024K, 56 young (57344K), 8 survivors (8192K)
 Metaspace       used 117730K, capacity 121108K, committed 121760K, reserved 1155072K
  class space    used 15129K, capacity 16421K, committed 16716K, reserved 1048576K
}

